<?xml version="1.0" encoding="UTF-8"?>
<testsuites>
  <testsuite name="/app/phpunit.dist.xml" tests="57" assertions="128" errors="0" failures="0" skipped="0" time="2.885197">
    <testsuite name="Api" tests="45" assertions="95" errors="0" failures="0" skipped="0" time="2.878199">
      <testsuite name="FilmAnalogger\FilmAnaloggerApi\Tests\Api\FilmTest" file="/app/tests/Api/FilmTest.php" tests="45" assertions="95" errors="0" failures="0" skipped="0" time="2.878199">
        <testcase name="testGetCollection" file="/app/tests/Api/FilmTest.php" line="76" class="FilmAnalogger\FilmAnaloggerApi\Tests\Api\FilmTest" classname="FilmAnalogger.FilmAnaloggerApi.Tests.Api.FilmTest" assertions="3" time="0.230509"/>
        <testcase name="testGetFilm" file="/app/tests/Api/FilmTest.php" line="92" class="FilmAnalogger\FilmAnaloggerApi\Tests\Api\FilmTest" classname="FilmAnalogger.FilmAnaloggerApi.Tests.Api.FilmTest" assertions="3" time="0.096428"/>
        <testcase name="testCreateFilm" file="/app/tests/Api/FilmTest.php" line="108" class="FilmAnalogger\FilmAnaloggerApi\Tests\Api\FilmTest" classname="FilmAnalogger.FilmAnaloggerApi.Tests.Api.FilmTest" assertions="2" time="0.081209"/>
        <testcase name="testCreateFilmWithAllFields" file="/app/tests/Api/FilmTest.php" line="132" class="FilmAnalogger\FilmAnaloggerApi\Tests\Api\FilmTest" classname="FilmAnalogger.FilmAnaloggerApi.Tests.Api.FilmTest" assertions="2" time="0.057272"/>
        <testcase name="testCreateFilmWithoutNameFails" file="/app/tests/Api/FilmTest.php" line="168" class="FilmAnalogger\FilmAnaloggerApi\Tests\Api\FilmTest" classname="FilmAnalogger.FilmAnaloggerApi.Tests.Api.FilmTest" assertions="1" time="0.046466"/>
        <testcase name="testCreateFilmWithoutDescriptionFails" file="/app/tests/Api/FilmTest.php" line="185" class="FilmAnalogger\FilmAnaloggerApi\Tests\Api\FilmTest" classname="FilmAnalogger.FilmAnaloggerApi.Tests.Api.FilmTest" assertions="1" time="0.033295"/>
        <testcase name="testCreateFilmWithoutProcessFails" file="/app/tests/Api/FilmTest.php" line="202" class="FilmAnalogger\FilmAnaloggerApi\Tests\Api\FilmTest" classname="FilmAnalogger.FilmAnaloggerApi.Tests.Api.FilmTest" assertions="1" time="0.041970"/>
        <testcase name="testCreateFilmWithoutSensibilityFails" file="/app/tests/Api/FilmTest.php" line="219" class="FilmAnalogger\FilmAnaloggerApi\Tests\Api\FilmTest" classname="FilmAnalogger.FilmAnaloggerApi.Tests.Api.FilmTest" assertions="1" time="0.028312"/>
        <testcase name="testCreateFilmWithInvalidProcessFails" file="/app/tests/Api/FilmTest.php" line="236" class="FilmAnalogger\FilmAnaloggerApi\Tests\Api\FilmTest" classname="FilmAnalogger.FilmAnaloggerApi.Tests.Api.FilmTest" assertions="1" time="0.031915"/>
        <testcase name="testCreateFilmWithValidProcessC41" file="/app/tests/Api/FilmTest.php" line="254" class="FilmAnalogger\FilmAnaloggerApi\Tests\Api\FilmTest" classname="FilmAnalogger.FilmAnaloggerApi.Tests.Api.FilmTest" assertions="1" time="0.051961"/>
        <testcase name="testCreateFilmWithValidProcessE6" file="/app/tests/Api/FilmTest.php" line="272" class="FilmAnalogger\FilmAnaloggerApi\Tests\Api\FilmTest" classname="FilmAnalogger.FilmAnaloggerApi.Tests.Api.FilmTest" assertions="1" time="0.065780"/>
        <testcase name="testCreateFilmWithValidProcessBW" file="/app/tests/Api/FilmTest.php" line="290" class="FilmAnalogger\FilmAnaloggerApi\Tests\Api\FilmTest" classname="FilmAnalogger.FilmAnaloggerApi.Tests.Api.FilmTest" assertions="1" time="0.059332"/>
        <testcase name="testCreateFilmWithValidProcessECN2" file="/app/tests/Api/FilmTest.php" line="308" class="FilmAnalogger\FilmAnaloggerApi\Tests\Api\FilmTest" classname="FilmAnalogger.FilmAnaloggerApi.Tests.Api.FilmTest" assertions="1" time="0.057844"/>
        <testcase name="testCreateFilmWithInvalidEmulsionTypeFails" file="/app/tests/Api/FilmTest.php" line="326" class="FilmAnalogger\FilmAnaloggerApi\Tests\Api\FilmTest" classname="FilmAnalogger.FilmAnaloggerApi.Tests.Api.FilmTest" assertions="1" time="0.035883"/>
        <testcase name="testCreateFilmWithValidEmulsionTypePanchromatic" file="/app/tests/Api/FilmTest.php" line="345" class="FilmAnalogger\FilmAnaloggerApi\Tests\Api\FilmTest" classname="FilmAnalogger.FilmAnaloggerApi.Tests.Api.FilmTest" assertions="2" time="0.060270"/>
        <testcase name="testCreateFilmWithValidEmulsionTypeOrthochromatic" file="/app/tests/Api/FilmTest.php" line="365" class="FilmAnalogger\FilmAnaloggerApi\Tests\Api\FilmTest" classname="FilmAnalogger.FilmAnaloggerApi.Tests.Api.FilmTest" assertions="2" time="0.059577"/>
        <testcase name="testCreateFilmWithValidEmulsionTypeChromogene" file="/app/tests/Api/FilmTest.php" line="385" class="FilmAnalogger\FilmAnaloggerApi\Tests\Api\FilmTest" classname="FilmAnalogger.FilmAnaloggerApi.Tests.Api.FilmTest" assertions="2" time="0.066435"/>
        <testcase name="testCreateFilmWithInvalidUrlFails" file="/app/tests/Api/FilmTest.php" line="405" class="FilmAnalogger\FilmAnaloggerApi\Tests\Api\FilmTest" classname="FilmAnalogger.FilmAnaloggerApi.Tests.Api.FilmTest" assertions="1" time="0.035745"/>
        <testcase name="testCreateFilmWithInvalidCssColorFails" file="/app/tests/Api/FilmTest.php" line="424" class="FilmAnalogger\FilmAnaloggerApi\Tests\Api\FilmTest" classname="FilmAnalogger.FilmAnaloggerApi.Tests.Api.FilmTest" assertions="1" time="0.036244"/>
        <testcase name="testCreateFilmWithInvalidSecondaryColorFails" file="/app/tests/Api/FilmTest.php" line="443" class="FilmAnalogger\FilmAnaloggerApi\Tests\Api\FilmTest" classname="FilmAnalogger.FilmAnaloggerApi.Tests.Api.FilmTest" assertions="1" time="0.035474"/>
        <testcase name="testCreateFilmWithInvalidTertiaryColorFails" file="/app/tests/Api/FilmTest.php" line="462" class="FilmAnalogger\FilmAnaloggerApi\Tests\Api\FilmTest" classname="FilmAnalogger.FilmAnaloggerApi.Tests.Api.FilmTest" assertions="1" time="0.034019"/>
        <testcase name="testUpdateFilm" file="/app/tests/Api/FilmTest.php" line="481" class="FilmAnalogger\FilmAnaloggerApi\Tests\Api\FilmTest" classname="FilmAnalogger.FilmAnaloggerApi.Tests.Api.FilmTest" assertions="2" time="0.061365"/>
        <testcase name="testDeleteFilm" file="/app/tests/Api/FilmTest.php" line="500" class="FilmAnalogger\FilmAnaloggerApi\Tests\Api\FilmTest" classname="FilmAnalogger.FilmAnaloggerApi.Tests.Api.FilmTest" assertions="2" time="0.065698"/>
        <testcase name="testGetNonExistentFilmReturns404" file="/app/tests/Api/FilmTest.php" line="512" class="FilmAnalogger\FilmAnaloggerApi\Tests\Api\FilmTest" classname="FilmAnalogger.FilmAnaloggerApi.Tests.Api.FilmTest" assertions="1" time="0.015922"/>
        <testcase name="testFilmContainsManufacturerReference" file="/app/tests/Api/FilmTest.php" line="519" class="FilmAnalogger\FilmAnaloggerApi\Tests\Api\FilmTest" classname="FilmAnalogger.FilmAnaloggerApi.Tests.Api.FilmTest" assertions="2" time="0.047430"/>
        <testcase name="testCreateFilmWithNullOptionalFields" file="/app/tests/Api/FilmTest.php" line="532" class="FilmAnalogger\FilmAnaloggerApi\Tests\Api\FilmTest" classname="FilmAnalogger.FilmAnaloggerApi.Tests.Api.FilmTest" assertions="2" time="0.059435"/>
        <testcase name="testUpdateFilmProcess" file="/app/tests/Api/FilmTest.php" line="565" class="FilmAnalogger\FilmAnaloggerApi\Tests\Api\FilmTest" classname="FilmAnalogger.FilmAnaloggerApi.Tests.Api.FilmTest" assertions="2" time="0.060604"/>
        <testcase name="testUpdateFilmWithInvalidProcessFails" file="/app/tests/Api/FilmTest.php" line="580" class="FilmAnalogger\FilmAnaloggerApi\Tests\Api\FilmTest" classname="FilmAnalogger.FilmAnaloggerApi.Tests.Api.FilmTest" assertions="1" time="0.057075"/>
        <testcase name="testGetCollectionReturnsEmptyWhenNoFilms" file="/app/tests/Api/FilmTest.php" line="594" class="FilmAnalogger\FilmAnaloggerApi\Tests\Api\FilmTest" classname="FilmAnalogger.FilmAnaloggerApi.Tests.Api.FilmTest" assertions="2" time="0.013228"/>
        <testcase name="testCreateFilmWithBlankNameFails" file="/app/tests/Api/FilmTest.php" line="605" class="FilmAnalogger\FilmAnaloggerApi\Tests\Api\FilmTest" classname="FilmAnalogger.FilmAnaloggerApi.Tests.Api.FilmTest" assertions="1" time="0.041588"/>
        <testcase name="testCreateFilmWithBlankDescriptionFails" file="/app/tests/Api/FilmTest.php" line="623" class="FilmAnalogger\FilmAnaloggerApi\Tests\Api\FilmTest" classname="FilmAnalogger.FilmAnaloggerApi.Tests.Api.FilmTest" assertions="1" time="0.036030"/>
        <testcase name="testCreateFilmWithBlankProcessFails" file="/app/tests/Api/FilmTest.php" line="641" class="FilmAnalogger\FilmAnaloggerApi\Tests\Api\FilmTest" classname="FilmAnalogger.FilmAnaloggerApi.Tests.Api.FilmTest" assertions="1" time="0.037837"/>
        <testcase name="testCreateFilmWithInversibleTrue" file="/app/tests/Api/FilmTest.php" line="659" class="FilmAnalogger\FilmAnaloggerApi\Tests\Api\FilmTest" classname="FilmAnalogger.FilmAnaloggerApi.Tests.Api.FilmTest" assertions="2" time="0.059706"/>
        <testcase name="testCreateFilmWithInversibleFalse" file="/app/tests/Api/FilmTest.php" line="679" class="FilmAnalogger\FilmAnaloggerApi\Tests\Api\FilmTest" classname="FilmAnalogger.FilmAnaloggerApi.Tests.Api.FilmTest" assertions="2" time="0.060813"/>
        <testcase name="testUpdateFilmColors" file="/app/tests/Api/FilmTest.php" line="699" class="FilmAnalogger\FilmAnaloggerApi\Tests\Api\FilmTest" classname="FilmAnalogger.FilmAnaloggerApi.Tests.Api.FilmTest" assertions="2" time="0.071478"/>
        <testcase name="testUpdateFilmOfficialDocumentationUrl" file="/app/tests/Api/FilmTest.php" line="720" class="FilmAnalogger\FilmAnaloggerApi\Tests\Api\FilmTest" classname="FilmAnalogger.FilmAnaloggerApi.Tests.Api.FilmTest" assertions="2" time="0.079266"/>
        <testcase name="testUpdateFilmWithInvalidUrlFails" file="/app/tests/Api/FilmTest.php" line="737" class="FilmAnalogger\FilmAnaloggerApi\Tests\Api\FilmTest" classname="FilmAnalogger.FilmAnaloggerApi.Tests.Api.FilmTest" assertions="1" time="0.066348"/>
        <testcase name="testFilmIdIsReadOnly" file="/app/tests/Api/FilmTest.php" line="751" class="FilmAnalogger\FilmAnaloggerApi\Tests\Api\FilmTest" classname="FilmAnalogger.FilmAnaloggerApi.Tests.Api.FilmTest" assertions="2" time="0.102900"/>
        <testcase name="testCreateMultipleFilmsWithSameManufacturer" file="/app/tests/Api/FilmTest.php" line="763" class="FilmAnalogger\FilmAnaloggerApi\Tests\Api\FilmTest" classname="FilmAnalogger.FilmAnaloggerApi.Tests.Api.FilmTest" assertions="3" time="0.092774"/>
        <testcase name="testCreateFilmWithValidCssColorNames" file="/app/tests/Api/FilmTest.php" line="795" class="FilmAnalogger\FilmAnaloggerApi\Tests\Api\FilmTest" classname="FilmAnalogger.FilmAnaloggerApi.Tests.Api.FilmTest" assertions="2" time="0.080377"/>
        <testcase name="testGetFilmWithFrenchLocale" file="/app/tests/Api/FilmTest.php" line="821" class="FilmAnalogger\FilmAnaloggerApi\Tests\Api\FilmTest" classname="FilmAnalogger.FilmAnaloggerApi.Tests.Api.FilmTest" assertions="8" time="0.133623"/>
        <testcase name="testGetFilmWithUnsupportedLocaleFallsBackToDefault" file="/app/tests/Api/FilmTest.php" line="892" class="FilmAnalogger\FilmAnaloggerApi\Tests\Api\FilmTest" classname="FilmAnalogger.FilmAnaloggerApi.Tests.Api.FilmTest" assertions="3" time="0.060040"/>
        <testcase name="testGetFilmWithAcceptLanguageHeader" file="/app/tests/Api/FilmTest.php" line="911" class="FilmAnalogger\FilmAnaloggerApi\Tests\Api\FilmTest" classname="FilmAnalogger.FilmAnaloggerApi.Tests.Api.FilmTest" assertions="6" time="0.103579"/>
        <testcase name="testGetFilmWithAcceptLanguageFallback" file="/app/tests/Api/FilmTest.php" line="969" class="FilmAnalogger\FilmAnaloggerApi\Tests\Api\FilmTest" classname="FilmAnalogger.FilmAnaloggerApi.Tests.Api.FilmTest" assertions="6" time="0.097817"/>
        <testcase name="testGetFilmCollectionWithFrenchLocale" file="/app/tests/Api/FilmTest.php" line="1028" class="FilmAnalogger\FilmAnaloggerApi\Tests\Api\FilmTest" classname="FilmAnalogger.FilmAnaloggerApi.Tests.Api.FilmTest" assertions="9" time="0.127326"/>
      </testsuite>
    </testsuite>
    <testsuite name="Unit" tests="12" assertions="33" errors="0" failures="0" skipped="0" time="0.006999">
      <testsuite name="FilmAnalogger\FilmAnaloggerApi\Tests\Unit\LocaleEventListenerTest" file="/app/tests/Unit/LocaleEventListenerTest.php" tests="12" assertions="33" errors="0" failures="0" skipped="0" time="0.006999">
        <testcase name="testGetSubscribedEvents" file="/app/tests/Unit/LocaleEventListenerTest.php" line="37" class="FilmAnalogger\FilmAnaloggerApi\Tests\Unit\LocaleEventListenerTest" classname="FilmAnalogger.FilmAnaloggerApi.Tests.Unit.LocaleEventListenerTest" assertions="4" time="0.003099"/>
        <testcase name="testOnKernelRequestWithValidXLocaleHeader" file="/app/tests/Unit/LocaleEventListenerTest.php" line="47" class="FilmAnalogger\FilmAnaloggerApi\Tests\Unit\LocaleEventListenerTest" classname="FilmAnalogger.FilmAnaloggerApi.Tests.Unit.LocaleEventListenerTest" assertions="4" time="0.000899"/>
        <testcase name="testOnKernelRequestWithInvalidXLocaleHeaderFallsBackToDefault" file="/app/tests/Unit/LocaleEventListenerTest.php" line="66" class="FilmAnalogger\FilmAnaloggerApi\Tests\Unit\LocaleEventListenerTest" classname="FilmAnalogger.FilmAnaloggerApi.Tests.Unit.LocaleEventListenerTest" assertions="3" time="0.000366"/>
        <testcase name="testOnKernelRequestWithAcceptLanguageHeader" file="/app/tests/Unit/LocaleEventListenerTest.php" line="81" class="FilmAnalogger\FilmAnaloggerApi\Tests\Unit\LocaleEventListenerTest" classname="FilmAnalogger.FilmAnaloggerApi.Tests.Unit.LocaleEventListenerTest" assertions="3" time="0.000344"/>
        <testcase name="testOnKernelRequestWithAcceptLanguageHeaderPicksHighestQuality" file="/app/tests/Unit/LocaleEventListenerTest.php" line="96" class="FilmAnalogger\FilmAnaloggerApi\Tests\Unit\LocaleEventListenerTest" classname="FilmAnalogger.FilmAnaloggerApi.Tests.Unit.LocaleEventListenerTest" assertions="3" time="0.000300"/>
        <testcase name="testOnKernelRequestWithAcceptLanguageHeaderNoMatchFallsBackToDefault" file="/app/tests/Unit/LocaleEventListenerTest.php" line="111" class="FilmAnalogger\FilmAnaloggerApi\Tests\Unit\LocaleEventListenerTest" classname="FilmAnalogger.FilmAnaloggerApi.Tests.Unit.LocaleEventListenerTest" assertions="3" time="0.000292"/>
        <testcase name="testOnKernelRequestWithNoHeadersFallsBackToDefault" file="/app/tests/Unit/LocaleEventListenerTest.php" line="126" class="FilmAnalogger\FilmAnaloggerApi\Tests\Unit\LocaleEventListenerTest" classname="FilmAnalogger.FilmAnaloggerApi.Tests.Unit.LocaleEventListenerTest" assertions="3" time="0.000289"/>
        <testcase name="testOnKernelRequestSetsPersistDefaultLocaleTranslation" file="/app/tests/Unit/LocaleEventListenerTest.php" line="140" class="FilmAnalogger\FilmAnaloggerApi\Tests\Unit\LocaleEventListenerTest" classname="FilmAnalogger.FilmAnaloggerApi.Tests.Unit.LocaleEventListenerTest" assertions="2" time="0.000284"/>
        <testcase name="testSetContentLanguageSetsResponseHeaders" file="/app/tests/Unit/LocaleEventListenerTest.php" line="152" class="FilmAnalogger\FilmAnaloggerApi\Tests\Unit\LocaleEventListenerTest" classname="FilmAnalogger.FilmAnaloggerApi.Tests.Unit.LocaleEventListenerTest" assertions="2" time="0.000289"/>
        <testcase name="testSetContentLanguageWithDefaultLocale" file="/app/tests/Unit/LocaleEventListenerTest.php" line="165" class="FilmAnalogger\FilmAnaloggerApi\Tests\Unit\LocaleEventListenerTest" classname="FilmAnalogger.FilmAnaloggerApi.Tests.Unit.LocaleEventListenerTest" assertions="2" time="0.000284"/>
        <testcase name="testOnKernelRequestWithAcceptLanguageHeaderWithSpaces" file="/app/tests/Unit/LocaleEventListenerTest.php" line="177" class="FilmAnalogger\FilmAnaloggerApi\Tests\Unit\LocaleEventListenerTest" classname="FilmAnalogger.FilmAnaloggerApi.Tests.Unit.LocaleEventListenerTest" assertions="1" time="0.000274"/>
        <testcase name="testOnKernelRequestXLocaleHeaderTakesPrecedenceOverAcceptLanguage" file="/app/tests/Unit/LocaleEventListenerTest.php" line="189" class="FilmAnalogger\FilmAnaloggerApi\Tests\Unit\LocaleEventListenerTest" classname="FilmAnalogger.FilmAnaloggerApi.Tests.Unit.LocaleEventListenerTest" assertions="3" time="0.000278"/>
      </testsuite>
    </testsuite>
  </testsuite>
</testsuites>
